<?xml version="1.0" encoding="UTF-8"?>
<!-- Generated by org.testng.reporters.JUnitReportReporter -->
<testsuite hostname="INLEN8520042741" failures="0" tests="6" name="testCases.TC003_LoginDDT" time="37.424" errors="0" timestamp="2025-03-09T17:12:15 IST" skipped="0">
  <testcase classname="testCases.TC003_LoginDDT" name="verify_loginDDT" time="5.075"/>
  <testcase classname="testCases.TC003_LoginDDT" name="verify_loginDDT" time="5.515"/>
  <testcase classname="testCases.TC003_LoginDDT" name="verify_loginDDT" time="8.321"/>
  <testcase classname="testCases.TC003_LoginDDT" name="verify_loginDDT" time="8.669"/>
  <testcase classname="testCases.TC003_LoginDDT" name="verify_loginDDT" time="4.584"/>
  <testcase classname="testCases.TC003_LoginDDT" name="verify_loginDDT" time="5.260"/>
</testsuite> <!-- testCases.TC003_LoginDDT -->
