<?xml version="1.0" encoding="UTF-8"?>
<!-- Generated by org.testng.reporters.JUnitReportReporter -->
<testsuite hostname="INLEN8520042741" failures="0" tests="1" name="testCases.TC001_AccountRegistrationTest" time="2.712" errors="0" timestamp="2025-03-12T16:55:54 IST" skipped="0">
  <testcase classname="testCases.TC001_AccountRegistrationTest" name="verify_Account_Regis" time="2.712"/>
</testsuite> <!-- testCases.TC001_AccountRegistrationTest -->
