<?xml version="1.0" encoding="UTF-8"?>
<!-- Generated by org.testng.reporters.JUnitReportReporter -->
<testsuite hostname="INLEN8520042741" failures="0" tests="1" name="testCases.TC002_LoginTest" time="1.999" errors="0" timestamp="2025-03-12T16:55:54 IST" skipped="0">
  <testcase classname="testCases.TC002_LoginTest" name="verify_login" time="1.999"/>
</testsuite> <!-- testCases.TC002_LoginTest -->
